{"/home/guenther/Projects/ode-to-joy/src/array-operations.ts": {"path":"/home/guenther/Projects/ode-to-joy/src/array-operations.ts","statementMap":{"0":{"start":{"line":4,"column":2},"end":{"line":8,"column":null}},"1":{"start":{"line":5,"column":4},"end":{"line":7,"column":6}},"2":{"start":{"line":3,"column":0},"end":{"line":3,"column":16}},"3":{"start":{"line":12,"column":17},"end":{"line":12,"column":51}},"4":{"start":{"line":13,"column":14},"end":{"line":13,"column":30}},"5":{"start":{"line":14,"column":2},"end":{"line":16,"column":null}},"6":{"start":{"line":14,"column":15},"end":{"line":14,"column":16}},"7":{"start":{"line":15,"column":4},"end":{"line":15,"column":33}},"8":{"start":{"line":17,"column":2},"end":{"line":17,"column":16}},"9":{"start":{"line":11,"column":0},"end":{"line":11,"column":16}},"10":{"start":{"line":21,"column":2},"end":{"line":21,"column":41}},"11":{"start":{"line":22,"column":14},"end":{"line":22,"column":30}},"12":{"start":{"line":23,"column":2},"end":{"line":25,"column":null}},"13":{"start":{"line":23,"column":15},"end":{"line":23,"column":16}},"14":{"start":{"line":24,"column":4},"end":{"line":24,"column":33}},"15":{"start":{"line":26,"column":2},"end":{"line":26,"column":19}},"16":{"start":{"line":20,"column":0},"end":{"line":20,"column":16}},"17":{"start":{"line":30,"column":14},"end":{"line":30,"column":30}},"18":{"start":{"line":31,"column":2},"end":{"line":33,"column":null}},"19":{"start":{"line":31,"column":15},"end":{"line":31,"column":16}},"20":{"start":{"line":32,"column":4},"end":{"line":32,"column":22}},"21":{"start":{"line":34,"column":2},"end":{"line":34,"column":19}},"22":{"start":{"line":29,"column":0},"end":{"line":29,"column":16}},"23":{"start":{"line":38,"column":2},"end":{"line":40,"column":null}},"24":{"start":{"line":38,"column":14},"end":{"line":38,"column":15}},"25":{"start":{"line":39,"column":4},"end":{"line":39,"column":30}},"26":{"start":{"line":41,"column":2},"end":{"line":41,"column":15}},"27":{"start":{"line":37,"column":0},"end":{"line":37,"column":16}},"28":{"start":{"line":45,"column":17},"end":{"line":45,"column":51}},"29":{"start":{"line":46,"column":14},"end":{"line":46,"column":30}},"30":{"start":{"line":47,"column":2},"end":{"line":49,"column":null}},"31":{"start":{"line":47,"column":15},"end":{"line":47,"column":16}},"32":{"start":{"line":48,"column":4},"end":{"line":48,"column":29}},"33":{"start":{"line":50,"column":2},"end":{"line":50,"column":16}},"34":{"start":{"line":44,"column":0},"end":{"line":44,"column":16}}},"fnMap":{"0":{"name":"assertSameLength","decl":{"start":{"line":3,"column":16},"end":{"line":3,"column":32}},"loc":{"start":{"line":3,"column":65},"end":{"line":9,"column":1}}},"1":{"name":"scalarMultiply","decl":{"start":{"line":11,"column":16},"end":{"line":11,"column":30}},"loc":{"start":{"line":11,"column":65},"end":{"line":18,"column":1}}},"2":{"name":"addSelf","decl":{"start":{"line":20,"column":16},"end":{"line":20,"column":23}},"loc":{"start":{"line":20,"column":72},"end":{"line":27,"column":1}}},"3":{"name":"scalarMultiplySelf","decl":{"start":{"line":29,"column":16},"end":{"line":29,"column":34}},"loc":{"start":{"line":29,"column":69},"end":{"line":35,"column":1}}},"4":{"name":"addAllToFirst","decl":{"start":{"line":37,"column":16},"end":{"line":37,"column":29}},"loc":{"start":{"line":37,"column":76},"end":{"line":42,"column":1}}},"5":{"name":"clone","decl":{"start":{"line":44,"column":16},"end":{"line":44,"column":21}},"loc":{"start":{"line":44,"column":45},"end":{"line":51,"column":1}}}},"branchMap":{"0":{"loc":{"start":{"line":4,"column":2},"end":{"line":8,"column":null}},"type":"if","locations":[{"start":{"line":4,"column":2},"end":{"line":8,"column":null}}]}},"s":{"0":520,"1":0,"2":2,"3":220,"4":220,"5":220,"6":220,"7":220,"8":220,"9":2,"10":520,"11":520,"12":520,"13":520,"14":520,"15":520,"16":2,"17":280,"18":280,"19":280,"20":280,"21":280,"22":2,"23":100,"24":100,"25":300,"26":100,"27":2,"28":120,"29":120,"30":120,"31":120,"32":120,"33":120,"34":2},"f":{"0":520,"1":220,"2":520,"3":280,"4":100,"5":120},"b":{"0":[0]}}
,"/home/guenther/Projects/ode-to-joy/src/explicit-solvers.ts": {"path":"/home/guenther/Projects/ode-to-joy/src/explicit-solvers.ts","statementMap":{"0":{"start":{"line":1,"column":0},"end":{"line":1,"column":103}},"1":{"start":{"line":7,"column":17},"end":{"line":7,"column":26}},"2":{"start":{"line":8,"column":19},"end":{"line":8,"column":28}},"3":{"start":{"line":16,"column":51},"end":{"line":19,"column":1}},"4":{"start":{"line":17,"column":13},"end":{"line":17,"column":34}},"5":{"start":{"line":18,"column":2},"end":{"line":18,"column":60}},"6":{"start":{"line":16,"column":13},"end":{"line":16,"column":51}},"7":{"start":{"line":22,"column":2},"end":{"line":34,"column":3}},"8":{"start":{"line":23,"column":15},"end":{"line":23,"column":30}},"9":{"start":{"line":24,"column":15},"end":{"line":24,"column":26}},"10":{"start":{"line":25,"column":4},"end":{"line":33,"column":null}},"11":{"start":{"line":26,"column":17},"end":{"line":26,"column":38}},"12":{"start":{"line":27,"column":17},"end":{"line":27,"column":78}},"13":{"start":{"line":28,"column":6},"end":{"line":32,"column":8}},"14":{"start":{"line":21,"column":13},"end":{"line":21,"column":null}},"15":{"start":{"line":36,"column":13},"end":{"line":36,"column":72}},"16":{"start":{"line":38,"column":46},"end":{"line":42,"column":1}},"17":{"start":{"line":39,"column":13},"end":{"line":39,"column":34}},"18":{"start":{"line":40,"column":13},"end":{"line":40,"column":76}},"19":{"start":{"line":41,"column":2},"end":{"line":41,"column":60}},"20":{"start":{"line":38,"column":13},"end":{"line":38,"column":46}},"21":{"start":{"line":44,"column":42},"end":{"line":48,"column":1}},"22":{"start":{"line":45,"column":13},"end":{"line":45,"column":34}},"23":{"start":{"line":46,"column":13},"end":{"line":46,"column":66}},"24":{"start":{"line":47,"column":2},"end":{"line":47,"column":79}},"25":{"start":{"line":44,"column":13},"end":{"line":44,"column":42}},"26":{"start":{"line":50,"column":43},"end":{"line":65,"column":1}},"27":{"start":{"line":51,"column":23},"end":{"line":51,"column":37}},"28":{"start":{"line":52,"column":24},"end":{"line":52,"column":45}},"29":{"start":{"line":53,"column":26},"end":{"line":53,"column":45}},"30":{"start":{"line":54,"column":13},"end":{"line":54,"column":34}},"31":{"start":{"line":55,"column":13},"end":{"line":55,"column":70}},"32":{"start":{"line":56,"column":13},"end":{"line":56,"column":70}},"33":{"start":{"line":57,"column":13},"end":{"line":57,"column":66}},"34":{"start":{"line":58,"column":2},"end":{"line":64,"column":null}},"35":{"start":{"line":50,"column":13},"end":{"line":50,"column":43}},"36":{"start":{"line":67,"column":57},"end":{"line":93,"column":1}},"37":{"start":{"line":68,"column":28},"end":{"line":68,"column":47}},"38":{"start":{"line":69,"column":13},"end":{"line":69,"column":34}},"39":{"start":{"line":70,"column":13},"end":{"line":70,"column":75}},"40":{"start":{"line":71,"column":13},"end":{"line":76,"column":null}},"41":{"start":{"line":78,"column":13},"end":{"line":84,"column":null}},"42":{"start":{"line":86,"column":2},"end":{"line":92,"column":null}},"43":{"start":{"line":67,"column":13},"end":{"line":67,"column":57}}},"fnMap":{"0":{"name":"(anonymous_0)","decl":{"start":{"line":16,"column":51},"end":{"line":16,"column":52}},"loc":{"start":{"line":16,"column":80},"end":{"line":19,"column":1}}},"1":{"name":"(anonymous_1)","decl":{"start":{"line":22,"column":2},"end":{"line":22,"column":3}},"loc":{"start":{"line":22,"column":12},"end":{"line":34,"column":3}}},"2":{"name":"(anonymous_2)","decl":{"start":{"line":25,"column":11},"end":{"line":25,"column":12}},"loc":{"start":{"line":25,"column":40},"end":{"line":33,"column":5}}},"3":{"name":"(anonymous_3)","decl":{"start":{"line":38,"column":46},"end":{"line":38,"column":47}},"loc":{"start":{"line":38,"column":75},"end":{"line":42,"column":1}}},"4":{"name":"(anonymous_4)","decl":{"start":{"line":44,"column":42},"end":{"line":44,"column":43}},"loc":{"start":{"line":44,"column":71},"end":{"line":48,"column":1}}},"5":{"name":"(anonymous_5)","decl":{"start":{"line":50,"column":43},"end":{"line":50,"column":44}},"loc":{"start":{"line":50,"column":72},"end":{"line":65,"column":1}}},"6":{"name":"(anonymous_6)","decl":{"start":{"line":67,"column":57},"end":{"line":67,"column":58}},"loc":{"start":{"line":67,"column":86},"end":{"line":93,"column":1}}}},"branchMap":{},"s":{"0":2,"1":2,"2":2,"3":2,"4":20,"5":20,"6":2,"7":2,"8":2,"9":2,"10":2,"11":20,"12":20,"13":20,"14":2,"15":2,"16":2,"17":20,"18":20,"19":20,"20":2,"21":2,"22":20,"23":20,"24":20,"25":2,"26":2,"27":20,"28":20,"29":20,"30":20,"31":20,"32":20,"33":20,"34":20,"35":2,"36":2,"37":20,"38":20,"39":20,"40":20,"41":20,"42":20,"43":2},"f":{"0":20,"1":2,"2":20,"3":20,"4":20,"5":20,"6":20},"b":{}}
,"/home/guenther/Projects/ode-to-joy/src/index.ts": {"path":"/home/guenther/Projects/ode-to-joy/src/index.ts","statementMap":{"0":{"start":{"line":1,"column":0},"end":{"line":1,"column":54}},"1":{"start":{"line":2,"column":0},"end":{"line":2,"column":56}},"2":{"start":{"line":3,"column":0},"end":{"line":3,"column":54}},"3":{"start":{"line":4,"column":0},"end":{"line":4,"column":60}},"4":{"start":{"line":7,"column":0},"end":{"line":7,"column":54}},"5":{"start":{"line":9,"column":13},"end":{"line":14,"column":null}}},"fnMap":{},"branchMap":{},"s":{"0":1,"1":1,"2":1,"3":1,"4":1,"5":1},"f":{},"b":{}}
,"/home/guenther/Projects/ode-to-joy/src/array-backed-types/ab-array.ts": {"path":"/home/guenther/Projects/ode-to-joy/src/array-backed-types/ab-array.ts","statementMap":{"0":{"start":{"line":1,"column":0},"end":{"line":1,"column":null}},"1":{"start":{"line":9,"column":0},"end":{"line":9,"column":43}},"2":{"start":{"line":12,"column":2},"end":{"line":24,"column":null}},"3":{"start":{"line":13,"column":4},"end":{"line":13,"column":42}},"4":{"start":{"line":15,"column":23},"end":{"line":15,"column":40}},"5":{"start":{"line":16,"column":4},"end":{"line":23,"column":null}},"6":{"start":{"line":18,"column":6},"end":{"line":18,"column":55}},"7":{"start":{"line":20,"column":6},"end":{"line":20,"column":44}},"8":{"start":{"line":22,"column":6},"end":{"line":22,"column":42}},"9":{"start":{"line":11,"column":0},"end":{"line":11,"column":16}},"10":{"start":{"line":28,"column":2},"end":{"line":28,"column":59}},"11":{"start":{"line":28,"column":24},"end":{"line":28,"column":57}},"12":{"start":{"line":32,"column":2},"end":{"line":35,"column":null}},"13":{"start":{"line":32,"column":15},"end":{"line":32,"column":16}},"14":{"start":{"line":34,"column":4},"end":{"line":34,"column":56}},"15":{"start":{"line":36,"column":2},"end":{"line":36,"column":16}},"16":{"start":{"line":42,"column":4},"end":{"line":42,"column":34}},"17":{"start":{"line":41,"column":31},"end":{"line":41,"column":59}},"18":{"start":{"line":41,"column":78},"end":{"line":41,"column":92}},"19":{"start":{"line":46,"column":4},"end":{"line":50,"column":null}},"20":{"start":{"line":47,"column":6},"end":{"line":49,"column":8}},"21":{"start":{"line":51,"column":4},"end":{"line":51,"column":49}},"22":{"start":{"line":55,"column":4},"end":{"line":55,"column":54}},"23":{"start":{"line":63,"column":4},"end":{"line":63,"column":12}},"24":{"start":{"line":61,"column":21},"end":{"line":61,"column":40}},"25":{"start":{"line":67,"column":19},"end":{"line":67,"column":32}},"26":{"start":{"line":68,"column":23},"end":{"line":68,"column":40}},"27":{"start":{"line":69,"column":4},"end":{"line":76,"column":null}},"28":{"start":{"line":71,"column":6},"end":{"line":71,"column":40}},"29":{"start":{"line":73,"column":6},"end":{"line":73,"column":66}},"30":{"start":{"line":73,"column":38},"end":{"line":73,"column":61}},"31":{"start":{"line":75,"column":6},"end":{"line":75,"column":42}},"32":{"start":{"line":80,"column":4},"end":{"line":80,"column":49}},"33":{"start":{"line":84,"column":4},"end":{"line":84,"column":54}}},"fnMap":{"0":{"name":"array","decl":{"start":{"line":11,"column":16},"end":{"line":11,"column":21}},"loc":{"start":{"line":11,"column":70},"end":{"line":25,"column":1}}},"1":{"name":"extractValues","decl":{"start":{"line":27,"column":9},"end":{"line":27,"column":22}},"loc":{"start":{"line":27,"column":79},"end":{"line":29,"column":1}}},"2":{"name":"(anonymous_2)","decl":{"start":{"line":28,"column":17},"end":{"line":28,"column":18}},"loc":{"start":{"line":28,"column":24},"end":{"line":28,"column":57}}},"3":{"name":"applyValues","decl":{"start":{"line":31,"column":9},"end":{"line":31,"column":20}},"loc":{"start":{"line":31,"column":77},"end":{"line":37,"column":1}}},"4":{"name":"(anonymous_4)","decl":{"start":{"line":41,"column":2},"end":{"line":41,"column":31}},"loc":{"start":{"line":41,"column":92},"end":{"line":43,"column":3}}},"5":{"name":"(anonymous_5)","decl":{"start":{"line":45,"column":2},"end":{"line":45,"column":15}},"loc":{"start":{"line":45,"column":48},"end":{"line":52,"column":3}}},"6":{"name":"(anonymous_6)","decl":{"start":{"line":54,"column":2},"end":{"line":54,"column":13}},"loc":{"start":{"line":54,"column":46},"end":{"line":56,"column":3}}},"7":{"name":"(anonymous_7)","decl":{"start":{"line":60,"column":2},"end":{"line":60,"column":null}},"loc":{"start":{"line":61,"column":40},"end":{"line":64,"column":3}}},"8":{"name":"(anonymous_8)","decl":{"start":{"line":66,"column":9},"end":{"line":66,"column":16}},"loc":{"start":{"line":66,"column":27},"end":{"line":77,"column":3}}},"9":{"name":"(anonymous_9)","decl":{"start":{"line":73,"column":26},"end":{"line":73,"column":27}},"loc":{"start":{"line":73,"column":38},"end":{"line":73,"column":61}}},"10":{"name":"(anonymous_10)","decl":{"start":{"line":79,"column":9},"end":{"line":79,"column":22}},"loc":{"start":{"line":79,"column":55},"end":{"line":81,"column":3}}},"11":{"name":"(anonymous_11)","decl":{"start":{"line":83,"column":9},"end":{"line":83,"column":20}},"loc":{"start":{"line":83,"column":53},"end":{"line":85,"column":3}}}},"branchMap":{"0":{"loc":{"start":{"line":11,"column":44},"end":{"line":11,"column":70}},"type":"default-arg","locations":[{"start":{"line":11,"column":66},"end":{"line":11,"column":70}}]},"1":{"loc":{"start":{"line":12,"column":2},"end":{"line":24,"column":null}},"type":"if","locations":[{"start":{"line":12,"column":2},"end":{"line":24,"column":null}},{"start":{"line":14,"column":9},"end":{"line":24,"column":null}}]},"2":{"loc":{"start":{"line":16,"column":4},"end":{"line":23,"column":null}},"type":"switch","locations":[{"start":{"line":17,"column":4},"end":{"line":18,"column":55}},{"start":{"line":19,"column":4},"end":{"line":20,"column":44}},{"start":{"line":21,"column":4},"end":{"line":22,"column":42}}]},"3":{"loc":{"start":{"line":46,"column":4},"end":{"line":50,"column":null}},"type":"if","locations":[{"start":{"line":46,"column":4},"end":{"line":50,"column":null}}]},"4":{"loc":{"start":{"line":69,"column":4},"end":{"line":76,"column":null}},"type":"switch","locations":[{"start":{"line":70,"column":4},"end":{"line":71,"column":40}},{"start":{"line":72,"column":4},"end":{"line":73,"column":66}},{"start":{"line":74,"column":4},"end":{"line":75,"column":42}}]}},"s":{"0":1,"1":1,"2":1,"3":0,"4":1,"5":1,"6":1,"7":0,"8":0,"9":1,"10":0,"11":0,"12":0,"13":0,"14":0,"15":0,"16":1,"17":1,"18":1,"19":0,"20":0,"21":0,"22":0,"23":0,"24":0,"25":0,"26":0,"27":0,"28":0,"29":0,"30":0,"31":0,"32":0,"33":0},"f":{"0":1,"1":0,"2":0,"3":0,"4":1,"5":0,"6":0,"7":0,"8":0,"9":0,"10":0,"11":0},"b":{"0":[0],"1":[0,1],"2":[1,0,0],"3":[0],"4":[0,0,0]}}
,"/home/guenther/Projects/ode-to-joy/src/array-backed-types/ab-float.ts": {"path":"/home/guenther/Projects/ode-to-joy/src/array-backed-types/ab-float.ts","statementMap":{"0":{"start":{"line":1,"column":0},"end":{"line":1,"column":null}},"1":{"start":{"line":9,"column":2},"end":{"line":9,"column":26}},"2":{"start":{"line":8,"column":0},"end":{"line":8,"column":16}},"3":{"start":{"line":17,"column":4},"end":{"line":17,"column":15}},"4":{"start":{"line":21,"column":4},"end":{"line":21,"column":18}},"5":{"start":{"line":25,"column":4},"end":{"line":25,"column":20}},"6":{"start":{"line":12,"column":0},"end":{"line":12,"column":13}},"7":{"start":{"line":14,"column":25},"end":{"line":14,"column":50}}},"fnMap":{"0":{"name":"float","decl":{"start":{"line":8,"column":16},"end":{"line":8,"column":21}},"loc":{"start":{"line":8,"column":21},"end":{"line":10,"column":1}}},"1":{"name":"(anonymous_1)","decl":{"start":{"line":16,"column":2},"end":{"line":16,"column":null}},"loc":{"start":{"line":16,"column":2},"end":{"line":18,"column":3}}},"2":{"name":"(anonymous_2)","decl":{"start":{"line":20,"column":2},"end":{"line":20,"column":15}},"loc":{"start":{"line":20,"column":50},"end":{"line":22,"column":3}}},"3":{"name":"(anonymous_3)","decl":{"start":{"line":24,"column":2},"end":{"line":24,"column":13}},"loc":{"start":{"line":24,"column":44},"end":{"line":26,"column":3}}}},"branchMap":{},"s":{"0":1,"1":19,"2":1,"3":1,"4":0,"5":0,"6":1,"7":1},"f":{"0":19,"1":1,"2":0,"3":0},"b":{}}
,"/home/guenther/Projects/ode-to-joy/src/array-backed-types/ab-object.ts": {"path":"/home/guenther/Projects/ode-to-joy/src/array-backed-types/ab-object.ts","statementMap":{"0":{"start":{"line":7,"column":0},"end":{"line":7,"column":null}},"1":{"start":{"line":14,"column":0},"end":{"line":14,"column":43}},"2":{"start":{"line":20,"column":18},"end":{"line":20,"column":19}},"3":{"start":{"line":21,"column":67},"end":{"line":21,"column":69}},"4":{"start":{"line":22,"column":71},"end":{"line":22,"column":73}},"5":{"start":{"line":23,"column":2},"end":{"line":45,"column":null}},"6":{"start":{"line":24,"column":19},"end":{"line":24,"column":29}},"7":{"start":{"line":25,"column":4},"end":{"line":44,"column":null}},"8":{"start":{"line":26,"column":25},"end":{"line":26,"column":42}},"9":{"start":{"line":27,"column":6},"end":{"line":43,"column":null}},"10":{"start":{"line":29,"column":8},"end":{"line":32,"column":52}},"11":{"start":{"line":33,"column":8},"end":{"line":33,"column":33}},"12":{"start":{"line":34,"column":8},"end":{"line":34,"column":14}},"13":{"start":{"line":36,"column":8},"end":{"line":39,"column":54}},"14":{"start":{"line":40,"column":8},"end":{"line":40,"column":14}},"15":{"start":{"line":42,"column":8},"end":{"line":42,"column":44}},"16":{"start":{"line":46,"column":2},"end":{"line":48,"column":null}},"17":{"start":{"line":47,"column":4},"end":{"line":47,"column":61}},"18":{"start":{"line":49,"column":2},"end":{"line":49,"column":80}},"19":{"start":{"line":17,"column":0},"end":{"line":17,"column":16}},"20":{"start":{"line":57,"column":2},"end":{"line":60,"column":null}},"21":{"start":{"line":58,"column":26},"end":{"line":58,"column":36}},"22":{"start":{"line":59,"column":4},"end":{"line":59,"column":48}},"23":{"start":{"line":68,"column":2},"end":{"line":75,"column":null}},"24":{"start":{"line":69,"column":24},"end":{"line":69,"column":34}},"25":{"start":{"line":70,"column":25},"end":{"line":72,"column":null}},"26":{"start":{"line":74,"column":4},"end":{"line":74,"column":30}},"27":{"start":{"line":76,"column":2},"end":{"line":76,"column":15}},"28":{"start":{"line":84,"column":4},"end":{"line":84,"column":16}},"29":{"start":{"line":81,"column":21},"end":{"line":81,"column":66}},"30":{"start":{"line":88,"column":4},"end":{"line":88,"column":50}},"31":{"start":{"line":92,"column":4},"end":{"line":96,"column":6}},"32":{"start":{"line":107,"column":4},"end":{"line":107,"column":12}},"33":{"start":{"line":103,"column":21},"end":{"line":103,"column":77}},"34":{"start":{"line":104,"column":21},"end":{"line":104,"column":38}},"35":{"start":{"line":105,"column":21},"end":{"line":105,"column":91}},"36":{"start":{"line":111,"column":4},"end":{"line":114,"column":6}},"37":{"start":{"line":112,"column":31},"end":{"line":112,"column":64}},"38":{"start":{"line":118,"column":4},"end":{"line":122,"column":6}},"39":{"start":{"line":123,"column":4},"end":{"line":127,"column":6}},"40":{"start":{"line":128,"column":4},"end":{"line":128,"column":17}},"41":{"start":{"line":132,"column":4},"end":{"line":136,"column":6}},"42":{"start":{"line":137,"column":4},"end":{"line":141,"column":6}},"43":{"start":{"line":100,"column":0},"end":{"line":100,"column":13}}},"fnMap":{"0":{"name":"object","decl":{"start":{"line":17,"column":16},"end":{"line":17,"column":22}},"loc":{"start":{"line":19,"column":31},"end":{"line":50,"column":1}}},"1":{"name":"extractValues","decl":{"start":{"line":52,"column":9},"end":{"line":52,"column":22}},"loc":{"start":{"line":55,"column":21},"end":{"line":61,"column":1}}},"2":{"name":"applyValues","decl":{"start":{"line":63,"column":9},"end":{"line":63,"column":20}},"loc":{"start":{"line":66,"column":10},"end":{"line":77,"column":1}}},"3":{"name":"(anonymous_3)","decl":{"start":{"line":80,"column":2},"end":{"line":80,"column":null}},"loc":{"start":{"line":82,"column":16},"end":{"line":85,"column":3}}},"4":{"name":"(anonymous_4)","decl":{"start":{"line":87,"column":2},"end":{"line":87,"column":15}},"loc":{"start":{"line":87,"column":45},"end":{"line":89,"column":3}}},"5":{"name":"(anonymous_5)","decl":{"start":{"line":91,"column":2},"end":{"line":91,"column":13}},"loc":{"start":{"line":91,"column":43},"end":{"line":97,"column":3}}},"6":{"name":"(anonymous_6)","decl":{"start":{"line":102,"column":2},"end":{"line":102,"column":null}},"loc":{"start":{"line":105,"column":91},"end":{"line":108,"column":3}}},"7":{"name":"(anonymous_7)","decl":{"start":{"line":110,"column":9},"end":{"line":110,"column":16}},"loc":{"start":{"line":110,"column":25},"end":{"line":115,"column":3}}},"8":{"name":"(anonymous_8)","decl":{"start":{"line":112,"column":6},"end":{"line":112,"column":7}},"loc":{"start":{"line":112,"column":31},"end":{"line":112,"column":64}}},"9":{"name":"(anonymous_9)","decl":{"start":{"line":117,"column":9},"end":{"line":117,"column":20}},"loc":{"start":{"line":117,"column":50},"end":{"line":129,"column":3}}},"10":{"name":"(anonymous_10)","decl":{"start":{"line":131,"column":9},"end":{"line":131,"column":22}},"loc":{"start":{"line":131,"column":52},"end":{"line":142,"column":3}}}},"branchMap":{"0":{"loc":{"start":{"line":25,"column":4},"end":{"line":44,"column":null}},"type":"if","locations":[{"start":{"line":25,"column":4},"end":{"line":44,"column":null}}]},"1":{"loc":{"start":{"line":27,"column":6},"end":{"line":43,"column":null}},"type":"switch","locations":[{"start":{"line":28,"column":6},"end":{"line":34,"column":14}},{"start":{"line":35,"column":6},"end":{"line":40,"column":14}},{"start":{"line":41,"column":6},"end":{"line":42,"column":44}}]},"2":{"loc":{"start":{"line":46,"column":2},"end":{"line":48,"column":null}},"type":"if","locations":[{"start":{"line":46,"column":2},"end":{"line":48,"column":null}}]}},"s":{"0":1,"1":1,"2":8,"3":8,"4":8,"5":8,"6":20,"7":20,"8":20,"9":20,"10":20,"11":20,"12":20,"13":0,"14":0,"15":0,"16":8,"17":8,"18":0,"19":1,"20":0,"21":0,"22":0,"23":0,"24":0,"25":0,"26":0,"27":0,"28":8,"29":8,"30":0,"31":0,"32":0,"33":0,"34":0,"35":0,"36":0,"37":0,"38":0,"39":0,"40":0,"41":0,"42":0,"43":1},"f":{"0":8,"1":0,"2":0,"3":8,"4":0,"5":0,"6":0,"7":0,"8":0,"9":0,"10":0},"b":{"0":[20],"1":[20,0,0],"2":[8]}}
,"/home/guenther/Projects/ode-to-joy/src/array-backed-types/ab-type.ts": {"path":"/home/guenther/Projects/ode-to-joy/src/array-backed-types/ab-type.ts","statementMap":{"0":{"start":{"line":29,"column":30},"end":{"line":29,"column":42}},"1":{"start":{"line":28,"column":11},"end":{"line":28,"column":32}},"2":{"start":{"line":27,"column":0},"end":{"line":27,"column":22}},"3":{"start":{"line":42,"column":11},"end":{"line":42,"column":34}},"4":{"start":{"line":41,"column":0},"end":{"line":41,"column":22}}},"fnMap":{"0":{"name":"(anonymous_0)","decl":{"start":{"line":29,"column":2},"end":{"line":29,"column":30}},"loc":{"start":{"line":29,"column":42},"end":{"line":30,"column":3}}},"1":{"name":"(anonymous_1)","decl":{"start":{"line":43,"column":2},"end":{"line":43,"column":null}},"loc":{"start":{"line":43,"column":2},"end":{"line":44,"column":3}}}},"branchMap":{},"s":{"0":11,"1":11,"2":1,"3":0,"4":1},"f":{"0":11,"1":0},"b":{}}
,"/home/guenther/Projects/ode-to-joy/src/array-backed-types/ab-value.ts": {"path":"/home/guenther/Projects/ode-to-joy/src/array-backed-types/ab-value.ts","statementMap":{"0":{"start":{"line":1,"column":0},"end":{"line":1,"column":null}},"1":{"start":{"line":7,"column":0},"end":{"line":7,"column":48}},"2":{"start":{"line":9,"column":0},"end":{"line":9,"column":43}},"3":{"start":{"line":51,"column":77},"end":{"line":51,"column":79}},"4":{"start":{"line":52,"column":81},"end":{"line":52,"column":83}},"5":{"start":{"line":53,"column":2},"end":{"line":69,"column":null}},"6":{"start":{"line":54,"column":23},"end":{"line":54,"column":39}},"7":{"start":{"line":55,"column":4},"end":{"line":68,"column":null}},"8":{"start":{"line":56,"column":33},"end":{"line":56,"column":43}},"9":{"start":{"line":57,"column":25},"end":{"line":57,"column":42}},"10":{"start":{"line":58,"column":6},"end":{"line":67,"column":null}},"11":{"start":{"line":60,"column":8},"end":{"line":60,"column":105}},"12":{"start":{"line":61,"column":8},"end":{"line":61,"column":14}},"13":{"start":{"line":63,"column":8},"end":{"line":63,"column":109}},"14":{"start":{"line":64,"column":8},"end":{"line":64,"column":14}},"15":{"start":{"line":66,"column":8},"end":{"line":66,"column":44}},"16":{"start":{"line":70,"column":20},"end":{"line":70,"column":88}},"17":{"start":{"line":70,"column":62},"end":{"line":70,"column":84}},"18":{"start":{"line":71,"column":2},"end":{"line":73,"column":null}},"19":{"start":{"line":72,"column":4},"end":{"line":72,"column":70}},"20":{"start":{"line":74,"column":2},"end":{"line":74,"column":93}},"21":{"start":{"line":47,"column":0},"end":{"line":47,"column":16}},"22":{"start":{"line":82,"column":2},"end":{"line":88,"column":null}},"23":{"start":{"line":83,"column":26},"end":{"line":83,"column":41}},"24":{"start":{"line":84,"column":4},"end":{"line":87,"column":6}},"25":{"start":{"line":97,"column":2},"end":{"line":103,"column":null}},"26":{"start":{"line":98,"column":26},"end":{"line":98,"column":41}},"27":{"start":{"line":99,"column":4},"end":{"line":102,"column":6}},"28":{"start":{"line":113,"column":4},"end":{"line":113,"column":16}},"29":{"start":{"line":109,"column":21},"end":{"line":109,"column":72}},"30":{"start":{"line":111,"column":21},"end":{"line":111,"column":42}},"31":{"start":{"line":117,"column":4},"end":{"line":121,"column":6}},"32":{"start":{"line":125,"column":25},"end":{"line":125,"column":32}},"33":{"start":{"line":126,"column":4},"end":{"line":126,"column":59}},"34":{"start":{"line":127,"column":4},"end":{"line":127,"column":32}},"35":{"start":{"line":139,"column":4},"end":{"line":139,"column":12}},"36":{"start":{"line":134,"column":21},"end":{"line":134,"column":81}},"37":{"start":{"line":135,"column":21},"end":{"line":135,"column":38}},"38":{"start":{"line":136,"column":21},"end":{"line":136,"column":85}},"39":{"start":{"line":137,"column":21},"end":{"line":137,"column":42}},"40":{"start":{"line":143,"column":4},"end":{"line":146,"column":6}},"41":{"start":{"line":144,"column":35},"end":{"line":144,"column":72}},"42":{"start":{"line":150,"column":4},"end":{"line":154,"column":6}},"43":{"start":{"line":155,"column":4},"end":{"line":159,"column":6}},"44":{"start":{"line":163,"column":25},"end":{"line":163,"column":32}},"45":{"start":{"line":164,"column":4},"end":{"line":164,"column":68}},"46":{"start":{"line":165,"column":4},"end":{"line":165,"column":70}},"47":{"start":{"line":166,"column":4},"end":{"line":166,"column":32}}},"fnMap":{"0":{"name":"valueObject","decl":{"start":{"line":47,"column":16},"end":{"line":47,"column":27}},"loc":{"start":{"line":49,"column":43},"end":{"line":75,"column":1}}},"1":{"name":"(anonymous_1)","decl":{"start":{"line":70,"column":47},"end":{"line":70,"column":48}},"loc":{"start":{"line":70,"column":62},"end":{"line":70,"column":84}}},"2":{"name":"extractValues","decl":{"start":{"line":77,"column":9},"end":{"line":77,"column":22}},"loc":{"start":{"line":80,"column":21},"end":{"line":89,"column":1}}},"3":{"name":"applyValues","decl":{"start":{"line":91,"column":9},"end":{"line":91,"column":20}},"loc":{"start":{"line":95,"column":10},"end":{"line":104,"column":1}}},"4":{"name":"(anonymous_4)","decl":{"start":{"line":108,"column":2},"end":{"line":108,"column":null}},"loc":{"start":{"line":111,"column":42},"end":{"line":114,"column":3}}},"5":{"name":"(anonymous_5)","decl":{"start":{"line":116,"column":2},"end":{"line":116,"column":15}},"loc":{"start":{"line":116,"column":45},"end":{"line":122,"column":3}}},"6":{"name":"(anonymous_6)","decl":{"start":{"line":124,"column":2},"end":{"line":124,"column":13}},"loc":{"start":{"line":124,"column":43},"end":{"line":128,"column":3}}},"7":{"name":"(anonymous_7)","decl":{"start":{"line":133,"column":2},"end":{"line":133,"column":null}},"loc":{"start":{"line":137,"column":42},"end":{"line":140,"column":3}}},"8":{"name":"(anonymous_8)","decl":{"start":{"line":142,"column":9},"end":{"line":142,"column":16}},"loc":{"start":{"line":142,"column":25},"end":{"line":147,"column":3}}},"9":{"name":"(anonymous_9)","decl":{"start":{"line":144,"column":6},"end":{"line":144,"column":7}},"loc":{"start":{"line":144,"column":35},"end":{"line":144,"column":72}}},"10":{"name":"(anonymous_10)","decl":{"start":{"line":149,"column":9},"end":{"line":149,"column":22}},"loc":{"start":{"line":149,"column":52},"end":{"line":160,"column":3}}},"11":{"name":"(anonymous_11)","decl":{"start":{"line":162,"column":9},"end":{"line":162,"column":20}},"loc":{"start":{"line":162,"column":50},"end":{"line":167,"column":3}}}},"branchMap":{"0":{"loc":{"start":{"line":55,"column":4},"end":{"line":68,"column":null}},"type":"if","locations":[{"start":{"line":55,"column":4},"end":{"line":68,"column":null}}]},"1":{"loc":{"start":{"line":58,"column":6},"end":{"line":67,"column":null}},"type":"switch","locations":[{"start":{"line":59,"column":6},"end":{"line":61,"column":14}},{"start":{"line":62,"column":6},"end":{"line":64,"column":14}},{"start":{"line":65,"column":6},"end":{"line":66,"column":44}}]},"2":{"loc":{"start":{"line":71,"column":2},"end":{"line":73,"column":null}},"type":"if","locations":[{"start":{"line":71,"column":2},"end":{"line":73,"column":null}}]}},"s":{"0":1,"1":1,"2":1,"3":1,"4":1,"5":1,"6":3,"7":3,"8":3,"9":3,"10":3,"11":3,"12":3,"13":0,"14":0,"15":0,"16":1,"17":3,"18":1,"19":1,"20":0,"21":1,"22":0,"23":0,"24":0,"25":0,"26":0,"27":0,"28":1,"29":1,"30":1,"31":0,"32":0,"33":0,"34":0,"35":0,"36":0,"37":0,"38":0,"39":0,"40":0,"41":0,"42":0,"43":0,"44":0,"45":0,"46":0,"47":0},"f":{"0":1,"1":3,"2":0,"3":0,"4":1,"5":0,"6":0,"7":0,"8":0,"9":0,"10":0,"11":0},"b":{"0":[3],"1":[3,0,0],"2":[1]}}
,"/home/guenther/Projects/ode-to-joy/src/array-backed-types/utils.ts": {"path":"/home/guenther/Projects/ode-to-joy/src/array-backed-types/utils.ts","statementMap":{"0":{"start":{"line":2,"column":2},"end":{"line":2,"column":51}},"1":{"start":{"line":1,"column":0},"end":{"line":1,"column":16}}},"fnMap":{"0":{"name":"unknownEnumValue","decl":{"start":{"line":1,"column":16},"end":{"line":1,"column":32}},"loc":{"start":{"line":1,"column":45},"end":{"line":3,"column":1}}}},"branchMap":{},"s":{"0":0,"1":1},"f":{"0":0},"b":{}}
,"/home/guenther/Projects/ode-to-joy/src/tests/model/rng.ts": {"path":"/home/guenther/Projects/ode-to-joy/src/tests/model/rng.ts","statementMap":{"0":{"start":{"line":10,"column":10},"end":{"line":10,"column":28}},"1":{"start":{"line":11,"column":10},"end":{"line":11,"column":30}},"2":{"start":{"line":12,"column":10},"end":{"line":12,"column":33}},"3":{"start":{"line":16,"column":4},"end":{"line":16,"column":49}},"4":{"start":{"line":24,"column":4},"end":{"line":24,"column":49}},"5":{"start":{"line":25,"column":4},"end":{"line":25,"column":27}},"6":{"start":{"line":8,"column":0},"end":{"line":8,"column":13}}},"fnMap":{"0":{"name":"(anonymous_0)","decl":{"start":{"line":15,"column":2},"end":{"line":15,"column":14}},"loc":{"start":{"line":15,"column":26},"end":{"line":17,"column":3}}},"1":{"name":"(anonymous_1)","decl":{"start":{"line":23,"column":2},"end":{"line":23,"column":12}},"loc":{"start":{"line":23,"column":12},"end":{"line":26,"column":3}}}},"branchMap":{},"s":{"0":1,"1":1,"2":1,"3":1,"4":10000,"5":10000,"6":1},"f":{"0":1,"1":10000},"b":{}}
}
